<?xml version="1.0" encoding="UTF-8"?>
<!-- Generated by org.testng.reporters.JUnitXMLReporter -->
<testsuite ignored="0" hostname="DESKTOP-7NNF0FV" failures="1" tests="14" name="TutorialsNinjaTestCases" time="118.297" errors="0" timestamp="2023-03-28T12:58:11 IST">
  <testcase classname="com.ninja.qa.testCases.RegisterTest" name="verifyRegisterAccountWithMandatoryFields" time="3.018"/>
  <testcase classname="com.ninja.qa.testCases.RegisterTest" name="verifyRegisterAccountWithAllFields" time="2.75"/>
  <testcase classname="com.ninja.qa.testCases.RegisterTest" name="verifyRegisterAccountWithExistingEmail" time="2.313"/>
  <testcase classname="com.ninja.qa.testCases.RegisterTest" name="verifyRegisterAccountWithoutFillingDetails" time="0.677"/>
  <testcase classname="com.ninja.qa.testCases.LoginTest" name="verifyLoginWithValidCredentials" time="1.589"/>
  <testcase classname="com.ninja.qa.testCases.LoginTest" name="verifyLoginWithValidCredentials" time="1.331"/>
  <testcase classname="com.ninja.qa.testCases.LoginTest" name="verifyLoginWithValidCredentials" time="1.372"/>
  <testcase classname="com.ninja.qa.testCases.LoginTest" name="verifyLoginWithInvalidCredentials" time="1.305"/>
  <testcase classname="com.ninja.qa.testCases.LoginTest" name="verifyLoginWithInvalidEmailAndValidPassword" time="1.49"/>
  <testcase classname="com.ninja.qa.testCases.LoginTest" name="verifyLoginWithValidEmailAndInvalidPassword" time="1.283"/>
  <testcase classname="com.ninja.qa.testCases.LoginTest" name="verifyLoginWithoutCredentials" time="0.956"/>
  <testcase classname="com.ninja.qa.testCases.SearchTest" name="verifySearchWithValidProduct" time="1.48"/>
  <testcase classname="com.ninja.qa.testCases.SearchTest" name="verifySearchWithInvalidProduct" time="1.476">
    <failure type="java.lang.AssertionError" message="null">
      <![CDATA[java.lang.AssertionError: null
at com.ninja.qa.testCases.SearchTest.verifySearchWithInvalidProduct(SearchTest.java:53)
at java.base/java.util.ArrayList.forEach(ArrayList.java:1511)
... Removed 27 stack frames]]>
    </failure>
  </testcase> <!-- verifySearchWithInvalidProduct -->
  <testcase classname="com.ninja.qa.testCases.SearchTest" name="verifySearchWithoutAnyProduct" time="0.0">
    <skipped/>
  </testcase> <!-- verifySearchWithoutAnyProduct -->
</testsuite> <!-- TutorialsNinjaTestCases -->
