<?xml version="1.0" encoding="UTF-8"?>
<testng-results ignored="0" total="14" passed="12" failed="1" skipped="1">
  <reporter-output>
  </reporter-output>
  <suite started-at="2023-03-28T12:56:11 IST" name="Suite" finished-at="2023-03-28T12:58:09 IST" duration-ms="118297">
    <groups>
    </groups>
    <test started-at="2023-03-28T12:56:11 IST" name="TutorialsNinjaTestCases" finished-at="2023-03-28T12:58:09 IST" duration-ms="118297">
      <class name="com.ninja.qa.testCases.SearchTest">
        <test-method is-config="true" signature="setup()[pri:0, instance:com.ninja.qa.testCases.SearchTest@41d477ed]" started-at="2023-03-28T12:57:54 IST" name="setup" finished-at="2023-03-28T12:58:00 IST" duration-ms="6070" status="PASS">
          <reporter-output>
          </reporter-output>
        </test-method> <!-- setup -->
        <test-method signature="verifySearchWithValidProduct()[pri:1, instance:com.ninja.qa.testCases.SearchTest@41d477ed]" started-at="2023-03-28T12:58:00 IST" name="verifySearchWithValidProduct" finished-at="2023-03-28T12:58:01 IST" duration-ms="1480" status="PASS">
          <reporter-output>
          </reporter-output>
        </test-method> <!-- verifySearchWithValidProduct -->
        <test-method is-config="true" signature="teardown()[pri:0, instance:com.ninja.qa.testCases.SearchTest@41d477ed]" started-at="2023-03-28T12:58:02 IST" name="teardown" finished-at="2023-03-28T12:58:02 IST" duration-ms="585" status="PASS">
          <reporter-output>
          </reporter-output>
        </test-method> <!-- teardown -->
        <test-method is-config="true" signature="setup()[pri:0, instance:com.ninja.qa.testCases.SearchTest@41d477ed]" started-at="2023-03-28T12:58:02 IST" name="setup" finished-at="2023-03-28T12:58:07 IST" duration-ms="4751" status="PASS">
          <reporter-output>
          </reporter-output>
        </test-method> <!-- setup -->
        <test-method signature="verifySearchWithInvalidProduct()[pri:2, instance:com.ninja.qa.testCases.SearchTest@41d477ed]" started-at="2023-03-28T12:58:07 IST" name="verifySearchWithInvalidProduct" finished-at="2023-03-28T12:58:08 IST" duration-ms="1476" status="FAIL">
          <exception class="java.lang.AssertionError">
            <message>
              <![CDATA[null]]>
            </message>
            <full-stacktrace>
              <![CDATA[java.lang.AssertionError: null
at org.testng.Assert.fail(Assert.java:110)
at org.testng.Assert.fail(Assert.java:115)
at com.ninja.qa.testCases.SearchTest.verifySearchWithInvalidProduct(SearchTest.java:53)
at java.base/jdk.internal.reflect.DirectMethodHandleAccessor.invoke(DirectMethodHandleAccessor.java:104)
at java.base/java.lang.reflect.Method.invoke(Method.java:578)
at org.testng.internal.invokers.MethodInvocationHelper.invokeMethod(MethodInvocationHelper.java:139)
at org.testng.internal.invokers.TestInvoker.invokeMethod(TestInvoker.java:677)
at org.testng.internal.invokers.TestInvoker.invokeTestMethod(TestInvoker.java:221)
at org.testng.internal.invokers.MethodRunner.runInSequence(MethodRunner.java:50)
at org.testng.internal.invokers.TestInvoker$MethodInvocationAgent.invoke(TestInvoker.java:969)
at org.testng.internal.invokers.TestInvoker.invokeTestMethods(TestInvoker.java:194)
at org.testng.internal.invokers.TestMethodWorker.invokeTestMethods(TestMethodWorker.java:148)
at org.testng.internal.invokers.TestMethodWorker.run(TestMethodWorker.java:128)
at java.base/java.util.ArrayList.forEach(ArrayList.java:1511)
at org.testng.TestRunner.privateRun(TestRunner.java:829)
at org.testng.TestRunner.run(TestRunner.java:602)
at org.testng.SuiteRunner.runTest(SuiteRunner.java:437)
at org.testng.SuiteRunner.runSequentially(SuiteRunner.java:431)
at org.testng.SuiteRunner.privateRun(SuiteRunner.java:391)
at org.testng.SuiteRunner.run(SuiteRunner.java:330)
at org.testng.SuiteRunnerWorker.runSuite(SuiteRunnerWorker.java:52)
at org.testng.SuiteRunnerWorker.run(SuiteRunnerWorker.java:95)
at org.testng.TestNG.runSuitesSequentially(TestNG.java:1256)
at org.testng.TestNG.runSuitesLocally(TestNG.java:1176)
at org.testng.TestNG.runSuites(TestNG.java:1099)
at org.testng.TestNG.run(TestNG.java:1067)
at org.testng.remote.AbstractRemoteTestNG.run(AbstractRemoteTestNG.java:115)
at org.testng.remote.RemoteTestNG.initAndRun(RemoteTestNG.java:251)
at org.testng.remote.RemoteTestNG.main(RemoteTestNG.java:77)
]]>
            </full-stacktrace>
          </exception> <!-- java.lang.AssertionError -->
          <reporter-output>
          </reporter-output>
        </test-method> <!-- verifySearchWithInvalidProduct -->
        <test-method is-config="true" signature="teardown()[pri:0, instance:com.ninja.qa.testCases.SearchTest@41d477ed]" started-at="2023-03-28T12:58:09 IST" name="teardown" finished-at="2023-03-28T12:58:09 IST" duration-ms="510" status="PASS">
          <reporter-output>
          </reporter-output>
        </test-method> <!-- teardown -->
        <test-method signature="verifySearchWithoutAnyProduct()[pri:3, instance:com.ninja.qa.testCases.SearchTest@41d477ed]" started-at="2023-03-28T12:58:09 IST" name="verifySearchWithoutAnyProduct" finished-at="2023-03-28T12:58:09 IST" depends-on-methods="com.ninja.qa.testCases.SearchTest.verifySearchWithInvalidProduct" duration-ms="0" status="SKIP">
          <exception class="java.lang.Throwable">
            <message>
              <![CDATA[Method com.ninja.qa.testCases.SearchTest.verifySearchWithoutAnyProduct() on instance com.ninja.qa.testCases.SearchTest@41d477ed depends on not successfully finished methods 
[com.ninja.qa.testCases.SearchTest.verifySearchWithInvalidProduct() on instance com.ninja.qa.testCases.SearchTest@41d477ed]]]>
            </message>
            <full-stacktrace>
              <![CDATA[java.lang.Throwable: Method com.ninja.qa.testCases.SearchTest.verifySearchWithoutAnyProduct() on instance com.ninja.qa.testCases.SearchTest@41d477ed depends on not successfully finished methods 
[com.ninja.qa.testCases.SearchTest.verifySearchWithInvalidProduct() on instance com.ninja.qa.testCases.SearchTest@41d477ed]
at org.testng.internal.invokers.TestInvoker.invokeTestMethods(TestInvoker.java:150)
at org.testng.internal.invokers.TestMethodWorker.invokeTestMethods(TestMethodWorker.java:148)
at org.testng.internal.invokers.TestMethodWorker.run(TestMethodWorker.java:128)
at java.base/java.util.ArrayList.forEach(ArrayList.java:1511)
at org.testng.TestRunner.privateRun(TestRunner.java:829)
at org.testng.TestRunner.run(TestRunner.java:602)
at org.testng.SuiteRunner.runTest(SuiteRunner.java:437)
at org.testng.SuiteRunner.runSequentially(SuiteRunner.java:431)
at org.testng.SuiteRunner.privateRun(SuiteRunner.java:391)
at org.testng.SuiteRunner.run(SuiteRunner.java:330)
at org.testng.SuiteRunnerWorker.runSuite(SuiteRunnerWorker.java:52)
at org.testng.SuiteRunnerWorker.run(SuiteRunnerWorker.java:95)
at org.testng.TestNG.runSuitesSequentially(TestNG.java:1256)
at org.testng.TestNG.runSuitesLocally(TestNG.java:1176)
at org.testng.TestNG.runSuites(TestNG.java:1099)
at org.testng.TestNG.run(TestNG.java:1067)
at org.testng.remote.AbstractRemoteTestNG.run(AbstractRemoteTestNG.java:115)
at org.testng.remote.RemoteTestNG.initAndRun(RemoteTestNG.java:251)
at org.testng.remote.RemoteTestNG.main(RemoteTestNG.java:77)
]]>
            </full-stacktrace>
          </exception> <!-- java.lang.Throwable -->
          <reporter-output>
          </reporter-output>
        </test-method> <!-- verifySearchWithoutAnyProduct -->
      </class> <!-- com.ninja.qa.testCases.SearchTest -->
      <class name="com.ninja.qa.testCases.LoginTest">
        <test-method is-config="true" signature="setup()[pri:0, instance:com.ninja.qa.testCases.LoginTest@3e694b3f]" started-at="2023-03-28T12:56:57 IST" name="setup" finished-at="2023-03-28T12:57:03 IST" duration-ms="6198" status="PASS">
          <reporter-output>
          </reporter-output>
        </test-method> <!-- setup -->
        <test-method signature="verifyLoginWithValidCredentials(java.lang.String,java.lang.String)[pri:1, instance:com.ninja.qa.testCases.LoginTest@3e694b3f]" started-at="2023-03-28T12:57:03 IST" name="verifyLoginWithValidCredentials" data-provider="excelDataForLogin" finished-at="2023-03-28T12:57:05 IST" duration-ms="1589" status="PASS">
          <params>
            <param index="0">
              <value>
                <![CDATA[amotooricap9@gmail.com]]>
              </value>
            </param>
            <param index="1">
              <value>
                <![CDATA[12345]]>
              </value>
            </param>
          </params>
          <reporter-output>
          </reporter-output>
        </test-method> <!-- verifyLoginWithValidCredentials -->
        <test-method is-config="true" signature="teardown()[pri:0, instance:com.ninja.qa.testCases.LoginTest@3e694b3f]" started-at="2023-03-28T12:57:05 IST" name="teardown" finished-at="2023-03-28T12:57:05 IST" duration-ms="527" status="PASS">
          <reporter-output>
          </reporter-output>
        </test-method> <!-- teardown -->
        <test-method is-config="true" signature="setup()[pri:0, instance:com.ninja.qa.testCases.LoginTest@3e694b3f]" started-at="2023-03-28T12:57:05 IST" name="setup" finished-at="2023-03-28T12:57:11 IST" duration-ms="5844" status="PASS">
          <reporter-output>
          </reporter-output>
        </test-method> <!-- setup -->
        <test-method signature="verifyLoginWithValidCredentials(java.lang.String,java.lang.String)[pri:1, instance:com.ninja.qa.testCases.LoginTest@3e694b3f]" started-at="2023-03-28T12:57:11 IST" name="verifyLoginWithValidCredentials" data-provider="excelDataForLogin" finished-at="2023-03-28T12:57:13 IST" duration-ms="1331" status="PASS">
          <params>
            <param index="0">
              <value>
                <![CDATA[amotooricap12@gmail.com]]>
              </value>
            </param>
            <param index="1">
              <value>
                <![CDATA[12345]]>
              </value>
            </param>
          </params>
          <reporter-output>
          </reporter-output>
        </test-method> <!-- verifyLoginWithValidCredentials -->
        <test-method is-config="true" signature="teardown()[pri:0, instance:com.ninja.qa.testCases.LoginTest@3e694b3f]" started-at="2023-03-28T12:57:13 IST" name="teardown" finished-at="2023-03-28T12:57:13 IST" duration-ms="503" status="PASS">
          <reporter-output>
          </reporter-output>
        </test-method> <!-- teardown -->
        <test-method is-config="true" signature="setup()[pri:0, instance:com.ninja.qa.testCases.LoginTest@3e694b3f]" started-at="2023-03-28T12:57:13 IST" name="setup" finished-at="2023-03-28T12:57:19 IST" duration-ms="6074" status="PASS">
          <reporter-output>
          </reporter-output>
        </test-method> <!-- setup -->
        <test-method signature="verifyLoginWithValidCredentials(java.lang.String,java.lang.String)[pri:1, instance:com.ninja.qa.testCases.LoginTest@3e694b3f]" started-at="2023-03-28T12:57:19 IST" name="verifyLoginWithValidCredentials" data-provider="excelDataForLogin" finished-at="2023-03-28T12:57:21 IST" duration-ms="1372" status="PASS">
          <params>
            <param index="0">
              <value>
                <![CDATA[amotooricap16@gmail.com]]>
              </value>
            </param>
            <param index="1">
              <value>
                <![CDATA[12345]]>
              </value>
            </param>
          </params>
          <reporter-output>
          </reporter-output>
        </test-method> <!-- verifyLoginWithValidCredentials -->
        <test-method is-config="true" signature="teardown()[pri:0, instance:com.ninja.qa.testCases.LoginTest@3e694b3f]" started-at="2023-03-28T12:57:21 IST" name="teardown" finished-at="2023-03-28T12:57:21 IST" duration-ms="522" status="PASS">
          <reporter-output>
          </reporter-output>
        </test-method> <!-- teardown -->
        <test-method is-config="true" signature="setup()[pri:0, instance:com.ninja.qa.testCases.LoginTest@3e694b3f]" started-at="2023-03-28T12:57:21 IST" name="setup" finished-at="2023-03-28T12:57:28 IST" duration-ms="6485" status="PASS">
          <reporter-output>
          </reporter-output>
        </test-method> <!-- setup -->
        <test-method signature="verifyLoginWithInvalidCredentials()[pri:2, instance:com.ninja.qa.testCases.LoginTest@3e694b3f]" started-at="2023-03-28T12:57:28 IST" name="verifyLoginWithInvalidCredentials" finished-at="2023-03-28T12:57:29 IST" duration-ms="1305" status="PASS">
          <reporter-output>
          </reporter-output>
        </test-method> <!-- verifyLoginWithInvalidCredentials -->
        <test-method is-config="true" signature="teardown()[pri:0, instance:com.ninja.qa.testCases.LoginTest@3e694b3f]" started-at="2023-03-28T12:57:29 IST" name="teardown" finished-at="2023-03-28T12:57:29 IST" duration-ms="535" status="PASS">
          <reporter-output>
          </reporter-output>
        </test-method> <!-- teardown -->
        <test-method is-config="true" signature="setup()[pri:0, instance:com.ninja.qa.testCases.LoginTest@3e694b3f]" started-at="2023-03-28T12:57:29 IST" name="setup" finished-at="2023-03-28T12:57:35 IST" duration-ms="5981" status="PASS">
          <reporter-output>
          </reporter-output>
        </test-method> <!-- setup -->
        <test-method signature="verifyLoginWithInvalidEmailAndValidPassword()[pri:3, instance:com.ninja.qa.testCases.LoginTest@3e694b3f]" started-at="2023-03-28T12:57:35 IST" name="verifyLoginWithInvalidEmailAndValidPassword" finished-at="2023-03-28T12:57:37 IST" duration-ms="1490" status="PASS">
          <reporter-output>
          </reporter-output>
        </test-method> <!-- verifyLoginWithInvalidEmailAndValidPassword -->
        <test-method is-config="true" signature="teardown()[pri:0, instance:com.ninja.qa.testCases.LoginTest@3e694b3f]" started-at="2023-03-28T12:57:37 IST" name="teardown" finished-at="2023-03-28T12:57:38 IST" duration-ms="608" status="PASS">
          <reporter-output>
          </reporter-output>
        </test-method> <!-- teardown -->
        <test-method is-config="true" signature="setup()[pri:0, instance:com.ninja.qa.testCases.LoginTest@3e694b3f]" started-at="2023-03-28T12:57:38 IST" name="setup" finished-at="2023-03-28T12:57:44 IST" duration-ms="5964" status="PASS">
          <reporter-output>
          </reporter-output>
        </test-method> <!-- setup -->
        <test-method signature="verifyLoginWithValidEmailAndInvalidPassword()[pri:4, instance:com.ninja.qa.testCases.LoginTest@3e694b3f]" started-at="2023-03-28T12:57:44 IST" name="verifyLoginWithValidEmailAndInvalidPassword" finished-at="2023-03-28T12:57:45 IST" duration-ms="1283" status="PASS">
          <reporter-output>
          </reporter-output>
        </test-method> <!-- verifyLoginWithValidEmailAndInvalidPassword -->
        <test-method is-config="true" signature="teardown()[pri:0, instance:com.ninja.qa.testCases.LoginTest@3e694b3f]" started-at="2023-03-28T12:57:45 IST" name="teardown" finished-at="2023-03-28T12:57:45 IST" duration-ms="533" status="PASS">
          <reporter-output>
          </reporter-output>
        </test-method> <!-- teardown -->
        <test-method is-config="true" signature="setup()[pri:0, instance:com.ninja.qa.testCases.LoginTest@3e694b3f]" started-at="2023-03-28T12:57:45 IST" name="setup" finished-at="2023-03-28T12:57:52 IST" duration-ms="6541" status="PASS">
          <reporter-output>
          </reporter-output>
        </test-method> <!-- setup -->
        <test-method signature="verifyLoginWithoutCredentials()[pri:5, instance:com.ninja.qa.testCases.LoginTest@3e694b3f]" started-at="2023-03-28T12:57:52 IST" name="verifyLoginWithoutCredentials" finished-at="2023-03-28T12:57:53 IST" duration-ms="956" status="PASS">
          <reporter-output>
          </reporter-output>
        </test-method> <!-- verifyLoginWithoutCredentials -->
        <test-method is-config="true" signature="teardown()[pri:0, instance:com.ninja.qa.testCases.LoginTest@3e694b3f]" started-at="2023-03-28T12:57:53 IST" name="teardown" finished-at="2023-03-28T12:57:54 IST" duration-ms="1106" status="PASS">
          <reporter-output>
          </reporter-output>
        </test-method> <!-- teardown -->
      </class> <!-- com.ninja.qa.testCases.LoginTest -->
      <class name="com.ninja.qa.testCases.RegisterTest">
        <test-method is-config="true" signature="setup()[pri:0, instance:com.ninja.qa.testCases.RegisterTest@293a5bf6]" started-at="2023-03-28T12:56:12 IST" name="setup" finished-at="2023-03-28T12:56:22 IST" duration-ms="10381" status="PASS">
          <reporter-output>
          </reporter-output>
        </test-method> <!-- setup -->
        <test-method signature="verifyRegisterAccountWithMandatoryFields()[pri:1, instance:com.ninja.qa.testCases.RegisterTest@293a5bf6]" started-at="2023-03-28T12:56:22 IST" name="verifyRegisterAccountWithMandatoryFields" finished-at="2023-03-28T12:56:25 IST" duration-ms="3018" status="PASS">
          <reporter-output>
          </reporter-output>
        </test-method> <!-- verifyRegisterAccountWithMandatoryFields -->
        <test-method is-config="true" signature="teardown()[pri:0, instance:com.ninja.qa.testCases.RegisterTest@293a5bf6]" started-at="2023-03-28T12:56:25 IST" name="teardown" finished-at="2023-03-28T12:56:26 IST" duration-ms="539" status="PASS">
          <reporter-output>
          </reporter-output>
        </test-method> <!-- teardown -->
        <test-method is-config="true" signature="setup()[pri:0, instance:com.ninja.qa.testCases.RegisterTest@293a5bf6]" started-at="2023-03-28T12:56:26 IST" name="setup" finished-at="2023-03-28T12:56:34 IST" duration-ms="7857" status="PASS">
          <reporter-output>
          </reporter-output>
        </test-method> <!-- setup -->
        <test-method signature="verifyRegisterAccountWithAllFields()[pri:2, instance:com.ninja.qa.testCases.RegisterTest@293a5bf6]" started-at="2023-03-28T12:56:34 IST" name="verifyRegisterAccountWithAllFields" finished-at="2023-03-28T12:56:37 IST" duration-ms="2750" status="PASS">
          <reporter-output>
          </reporter-output>
        </test-method> <!-- verifyRegisterAccountWithAllFields -->
        <test-method is-config="true" signature="teardown()[pri:0, instance:com.ninja.qa.testCases.RegisterTest@293a5bf6]" started-at="2023-03-28T12:56:37 IST" name="teardown" finished-at="2023-03-28T12:56:37 IST" duration-ms="824" status="PASS">
          <reporter-output>
          </reporter-output>
        </test-method> <!-- teardown -->
        <test-method is-config="true" signature="setup()[pri:0, instance:com.ninja.qa.testCases.RegisterTest@293a5bf6]" started-at="2023-03-28T12:56:37 IST" name="setup" finished-at="2023-03-28T12:56:43 IST" duration-ms="6089" status="PASS">
          <reporter-output>
          </reporter-output>
        </test-method> <!-- setup -->
        <test-method signature="verifyRegisterAccountWithExistingEmail()[pri:3, instance:com.ninja.qa.testCases.RegisterTest@293a5bf6]" started-at="2023-03-28T12:56:43 IST" name="verifyRegisterAccountWithExistingEmail" finished-at="2023-03-28T12:56:46 IST" duration-ms="2313" status="PASS">
          <reporter-output>
          </reporter-output>
        </test-method> <!-- verifyRegisterAccountWithExistingEmail -->
        <test-method is-config="true" signature="teardown()[pri:0, instance:com.ninja.qa.testCases.RegisterTest@293a5bf6]" started-at="2023-03-28T12:56:46 IST" name="teardown" finished-at="2023-03-28T12:56:46 IST" duration-ms="517" status="PASS">
          <reporter-output>
          </reporter-output>
        </test-method> <!-- teardown -->
        <test-method is-config="true" signature="setup()[pri:0, instance:com.ninja.qa.testCases.RegisterTest@293a5bf6]" started-at="2023-03-28T12:56:46 IST" name="setup" finished-at="2023-03-28T12:56:54 IST" duration-ms="7674" status="PASS">
          <reporter-output>
          </reporter-output>
        </test-method> <!-- setup -->
        <test-method signature="verifyRegisterAccountWithoutFillingDetails()[pri:4, instance:com.ninja.qa.testCases.RegisterTest@293a5bf6]" started-at="2023-03-28T12:56:54 IST" name="verifyRegisterAccountWithoutFillingDetails" finished-at="2023-03-28T12:56:55 IST" duration-ms="677" status="PASS">
          <reporter-output>
          </reporter-output>
        </test-method> <!-- verifyRegisterAccountWithoutFillingDetails -->
        <test-method is-config="true" signature="teardown()[pri:0, instance:com.ninja.qa.testCases.RegisterTest@293a5bf6]" started-at="2023-03-28T12:56:55 IST" name="teardown" finished-at="2023-03-28T12:56:55 IST" duration-ms="525" status="PASS">
          <reporter-output>
          </reporter-output>
        </test-method> <!-- teardown -->
      </class> <!-- com.ninja.qa.testCases.RegisterTest -->
    </test> <!-- TutorialsNinjaTestCases -->
  </suite> <!-- Suite -->
</testng-results>
